[ 2017-07-17T13:44:41+08:00 ] ::1 /haoguang/
INFO: [ app_init ] --START--
INFO: Run Behavior\BuildLiteBehavior [ RunTime:0.000031s ]
INFO: [ app_init ] --END-- [ RunTime:0.007411s ]
INFO: [ app_begin ] --START--
INFO: Run Behavior\ReadHtmlCacheBehavior [ RunTime:0.016401s ]
INFO: [ app_begin ] --END-- [ RunTime:0.016541s ]
INFO: [ app_end ] --START--
INFO: Run Behavior\ShowPageTraceBehavior [ RunTime:0.012751s ]
INFO: [ app_end ] --END-- [ RunTime:0.012893s ]

[ 2017-07-17T13:45:48+08:00 ] ::1 /haoguang/
INFO: [ app_init ] --START--
INFO: Run Behavior\BuildLiteBehavior [ RunTime:0.000025s ]
INFO: [ app_init ] --END-- [ RunTime:0.000425s ]
INFO: [ app_begin ] --START--
INFO: Run Behavior\ReadHtmlCacheBehavior [ RunTime:0.000669s ]
INFO: [ app_begin ] --END-- [ RunTime:0.000781s ]
INFO: [ app_end ] --START--
INFO: Run Behavior\ShowPageTraceBehavior [ RunTime:0.000625s ]
INFO: [ app_end ] --END-- [ RunTime:0.000734s ]

[ 2017-07-17T13:46:19+08:00 ] ::1 /haoguang/
INFO: [ app_init ] --START--
INFO: Run Behavior\BuildLiteBehavior [ RunTime:0.000027s ]
INFO: [ app_init ] --END-- [ RunTime:0.000495s ]
INFO: [ app_begin ] --START--
INFO: Run Behavior\ReadHtmlCacheBehavior [ RunTime:0.000777s ]
INFO: [ app_begin ] --END-- [ RunTime:0.000919s ]
INFO: [ app_end ] --START--
INFO: Run Behavior\ShowPageTraceBehavior [ RunTime:0.000650s ]
INFO: [ app_end ] --END-- [ RunTime:0.000765s ]

[ 2017-07-17T13:46:20+08:00 ] ::1 /haoguang/
INFO: [ app_init ] --START--
INFO: Run Behavior\BuildLiteBehavior [ RunTime:0.000027s ]
INFO: [ app_init ] --END-- [ RunTime:0.000505s ]
INFO: [ app_begin ] --START--
INFO: Run Behavior\ReadHtmlCacheBehavior [ RunTime:0.000655s ]
INFO: [ app_begin ] --END-- [ RunTime:0.000780s ]
INFO: [ app_end ] --START--
INFO: Run Behavior\ShowPageTraceBehavior [ RunTime:0.000598s ]
INFO: [ app_end ] --END-- [ RunTime:0.000715s ]

[ 2017-07-17T13:47:00+08:00 ] ::1 /haoguang/
INFO: [ app_init ] --START--
INFO: Run Behavior\BuildLiteBehavior [ RunTime:0.000080s ]
INFO: [ app_init ] --END-- [ RunTime:0.000501s ]
INFO: [ app_begin ] --START--
INFO: Run Behavior\ReadHtmlCacheBehavior [ RunTime:0.000631s ]
INFO: [ app_begin ] --END-- [ RunTime:0.000743s ]
INFO: [ app_end ] --START--
INFO: Run Behavior\ShowPageTraceBehavior [ RunTime:0.000606s ]
INFO: [ app_end ] --END-- [ RunTime:0.000715s ]

[ 2017-07-17T14:03:24+08:00 ] ::1 /haoguang/
INFO: [ app_init ] --START--
INFO: Run Behavior\BuildLiteBehavior [ RunTime:0.000024s ]
INFO: [ app_init ] --END-- [ RunTime:0.000436s ]
INFO: [ app_begin ] --START--
INFO: Run Behavior\ReadHtmlCacheBehavior [ RunTime:0.001135s ]
INFO: [ app_begin ] --END-- [ RunTime:0.001288s ]
INFO: [ app_end ] --START--
INFO: Run Behavior\ShowPageTraceBehavior [ RunTime:0.000643s ]
INFO: [ app_end ] --END-- [ RunTime:0.000759s ]

[ 2017-07-17T14:13:32+08:00 ] ::1 /haoguang/
INFO: [ app_init ] --START--
INFO: Run Behavior\BuildLiteBehavior [ RunTime:0.000024s ]
INFO: [ app_init ] --END-- [ RunTime:0.000437s ]
INFO: [ app_begin ] --START--
INFO: Run Behavior\ReadHtmlCacheBehavior [ RunTime:0.000646s ]
INFO: [ app_begin ] --END-- [ RunTime:0.000757s ]
INFO: [ app_end ] --START--
INFO: Run Behavior\ShowPageTraceBehavior [ RunTime:0.000699s ]
INFO: [ app_end ] --END-- [ RunTime:0.000833s ]

[ 2017-07-17T15:18:14+08:00 ] ::1 /haoguang/index.php/Home/Index/index.html
INFO: [ app_init ] --START--
INFO: Run Behavior\BuildLiteBehavior [ RunTime:0.000026s ]
INFO: [ app_init ] --END-- [ RunTime:0.000414s ]
INFO: [ app_begin ] --START--
INFO: Run Behavior\ReadHtmlCacheBehavior [ RunTime:0.000607s ]
INFO: [ app_begin ] --END-- [ RunTime:0.000715s ]
INFO: [ app_end ] --START--
INFO: Run Behavior\ShowPageTraceBehavior [ RunTime:0.000663s ]
INFO: [ app_end ] --END-- [ RunTime:0.000778s ]

[ 2017-07-17T15:53:35+08:00 ] ::1 /haoguang/
INFO: [ app_init ] --START--
INFO: Run Behavior\BuildLiteBehavior [ RunTime:0.000024s ]
INFO: [ app_init ] --END-- [ RunTime:0.000412s ]
INFO: [ app_begin ] --START--
INFO: Run Behavior\ReadHtmlCacheBehavior [ RunTime:0.000652s ]
INFO: [ app_begin ] --END-- [ RunTime:0.000909s ]
NOTIC: [2048] Declaration of Home\Controller\IndexController::show() should be compatible with Think\Controller::show($content, $charset = '', $contentType = '', $prefix = '') D:\wamp\www\haoguang\Application\Home\Controller\IndexController.class.php 第 33 行.
INFO: [ view_parse ] --START--
INFO: [ template_filter ] --START--
INFO: Run Behavior\ContentReplaceBehavior [ RunTime:0.000280s ]
INFO: [ template_filter ] --END-- [ RunTime:0.000437s ]
INFO: Run Behavior\ParseTemplateBehavior [ RunTime:0.013165s ]
INFO: [ view_parse ] --END-- [ RunTime:0.013300s ]
INFO: [ view_filter ] --START--
INFO: Run Behavior\WriteHtmlCacheBehavior [ RunTime:0.000548s ]
INFO: [ view_filter ] --END-- [ RunTime:0.000654s ]
INFO: [ app_end ] --START--
INFO: Run Behavior\ShowPageTraceBehavior [ RunTime:0.002678s ]
INFO: [ app_end ] --END-- [ RunTime:0.002814s ]

[ 2017-07-17T15:54:19+08:00 ] ::1 /haoguang/
INFO: [ app_init ] --START--
INFO: Run Behavior\BuildLiteBehavior [ RunTime:0.000025s ]
INFO: [ app_init ] --END-- [ RunTime:0.000449s ]
INFO: [ app_begin ] --START--
INFO: Run Behavior\ReadHtmlCacheBehavior [ RunTime:0.000658s ]
INFO: [ app_begin ] --END-- [ RunTime:0.000808s ]
NOTIC: [2048] Declaration of Home\Controller\IndexController::show() should be compatible with Think\Controller::show($content, $charset = '', $contentType = '', $prefix = '') D:\wamp\www\haoguang\Application\Home\Controller\IndexController.class.php 第 33 行.
INFO: [ view_parse ] --START--
INFO: [ template_filter ] --START--
INFO: Run Behavior\ContentReplaceBehavior [ RunTime:0.000171s ]
INFO: [ template_filter ] --END-- [ RunTime:0.000295s ]
INFO: Run Behavior\ParseTemplateBehavior [ RunTime:0.010581s ]
INFO: [ view_parse ] --END-- [ RunTime:0.010722s ]
INFO: [ view_filter ] --START--
INFO: Run Behavior\WriteHtmlCacheBehavior [ RunTime:0.000429s ]
INFO: [ view_filter ] --END-- [ RunTime:0.000538s ]
INFO: [ app_end ] --START--
INFO: Run Behavior\ShowPageTraceBehavior [ RunTime:0.002926s ]
INFO: [ app_end ] --END-- [ RunTime:0.003137s ]

[ 2017-07-17T15:54:21+08:00 ] ::1 /haoguang/
INFO: [ app_init ] --START--
INFO: Run Behavior\BuildLiteBehavior [ RunTime:0.000025s ]
INFO: [ app_init ] --END-- [ RunTime:0.000468s ]
INFO: [ app_begin ] --START--
INFO: Run Behavior\ReadHtmlCacheBehavior [ RunTime:0.000589s ]
INFO: [ app_begin ] --END-- [ RunTime:0.000711s ]
NOTIC: [2048] Declaration of Home\Controller\IndexController::show() should be compatible with Think\Controller::show($content, $charset = '', $contentType = '', $prefix = '') D:\wamp\www\haoguang\Application\Home\Controller\IndexController.class.php 第 33 行.
INFO: [ view_parse ] --START--
INFO: [ template_filter ] --START--
INFO: Run Behavior\ContentReplaceBehavior [ RunTime:0.000168s ]
INFO: [ template_filter ] --END-- [ RunTime:0.000296s ]
INFO: Run Behavior\ParseTemplateBehavior [ RunTime:0.009908s ]
INFO: [ view_parse ] --END-- [ RunTime:0.010042s ]
INFO: [ view_filter ] --START--
INFO: Run Behavior\WriteHtmlCacheBehavior [ RunTime:0.000445s ]
INFO: [ view_filter ] --END-- [ RunTime:0.000557s ]
INFO: [ app_end ] --START--
INFO: Run Behavior\ShowPageTraceBehavior [ RunTime:0.000695s ]
INFO: [ app_end ] --END-- [ RunTime:0.000926s ]

[ 2017-07-17T15:54:24+08:00 ] ::1 /haoguang/
INFO: [ app_init ] --START--
INFO: Run Behavior\BuildLiteBehavior [ RunTime:0.000025s ]
INFO: [ app_init ] --END-- [ RunTime:0.000456s ]
INFO: [ app_begin ] --START--
INFO: Run Behavior\ReadHtmlCacheBehavior [ RunTime:0.000584s ]
INFO: [ app_begin ] --END-- [ RunTime:0.000706s ]
NOTIC: [2048] Declaration of Home\Controller\IndexController::show() should be compatible with Think\Controller::show($content, $charset = '', $contentType = '', $prefix = '') D:\wamp\www\haoguang\Application\Home\Controller\IndexController.class.php 第 33 行.
INFO: [ view_parse ] --START--
INFO: [ template_filter ] --START--
INFO: Run Behavior\ContentReplaceBehavior [ RunTime:0.000168s ]
INFO: [ template_filter ] --END-- [ RunTime:0.000297s ]
INFO: Run Behavior\ParseTemplateBehavior [ RunTime:0.011664s ]
INFO: [ view_parse ] --END-- [ RunTime:0.011920s ]
INFO: [ view_filter ] --START--
INFO: Run Behavior\WriteHtmlCacheBehavior [ RunTime:0.000416s ]
INFO: [ view_filter ] --END-- [ RunTime:0.000518s ]
INFO: [ app_end ] --START--
INFO: Run Behavior\ShowPageTraceBehavior [ RunTime:0.000647s ]
INFO: [ app_end ] --END-- [ RunTime:0.000868s ]

[ 2017-07-17T15:54:30+08:00 ] ::1 /haoguang/
INFO: [ app_init ] --START--
INFO: Run Behavior\BuildLiteBehavior [ RunTime:0.000024s ]
INFO: [ app_init ] --END-- [ RunTime:0.000412s ]
INFO: [ app_begin ] --START--
INFO: Run Behavior\ReadHtmlCacheBehavior [ RunTime:0.000771s ]
INFO: [ app_begin ] --END-- [ RunTime:0.000960s ]
NOTIC: [2048] Declaration of Home\Controller\IndexController::show() should be compatible with Think\Controller::show($content, $charset = '', $contentType = '', $prefix = '') D:\wamp\www\haoguang\Application\Home\Controller\IndexController.class.php 第 33 行.
INFO: [ view_parse ] --START--
INFO: [ template_filter ] --START--
INFO: Run Behavior\ContentReplaceBehavior [ RunTime:0.000163s ]
INFO: [ template_filter ] --END-- [ RunTime:0.000285s ]
INFO: Run Behavior\ParseTemplateBehavior [ RunTime:0.009485s ]
INFO: [ view_parse ] --END-- [ RunTime:0.009616s ]
INFO: [ view_filter ] --START--
INFO: Run Behavior\WriteHtmlCacheBehavior [ RunTime:0.000308s ]
INFO: [ view_filter ] --END-- [ RunTime:0.000406s ]
INFO: [ app_end ] --START--
INFO: Run Behavior\ShowPageTraceBehavior [ RunTime:0.000518s ]
INFO: [ app_end ] --END-- [ RunTime:0.000633s ]

[ 2017-07-17T15:56:56+08:00 ] ::1 /haoguang/
INFO: [ app_init ] --START--
INFO: Run Behavior\BuildLiteBehavior [ RunTime:0.000037s ]
INFO: [ app_init ] --END-- [ RunTime:0.001313s ]
INFO: [ app_begin ] --START--
INFO: Run Behavior\ReadHtmlCacheBehavior [ RunTime:0.000728s ]
INFO: [ app_begin ] --END-- [ RunTime:0.000857s ]
NOTIC: [2048] Declaration of Home\Controller\IndexController::show() should be compatible with Think\Controller::show($content, $charset = '', $contentType = '', $prefix = '') D:\wamp\www\haoguang\Application\Home\Controller\IndexController.class.php 第 33 行.
INFO: [ view_parse ] --START--
INFO: [ template_filter ] --START--
INFO: Run Behavior\ContentReplaceBehavior [ RunTime:0.000205s ]
INFO: [ template_filter ] --END-- [ RunTime:0.000347s ]
INFO: Run Behavior\ParseTemplateBehavior [ RunTime:0.010674s ]
INFO: [ view_parse ] --END-- [ RunTime:0.010858s ]
INFO: [ view_filter ] --START--
INFO: Run Behavior\WriteHtmlCacheBehavior [ RunTime:0.000351s ]
INFO: [ view_filter ] --END-- [ RunTime:0.000525s ]
INFO: [ app_end ] --START--
INFO: Run Behavior\ShowPageTraceBehavior [ RunTime:0.001159s ]
INFO: [ app_end ] --END-- [ RunTime:0.001305s ]

[ 2017-07-17T15:57:18+08:00 ] ::1 /haoguang/
INFO: [ app_init ] --START--
INFO: Run Behavior\BuildLiteBehavior [ RunTime:0.000026s ]
INFO: [ app_init ] --END-- [ RunTime:0.000383s ]
INFO: [ app_begin ] --START--
INFO: Run Behavior\ReadHtmlCacheBehavior [ RunTime:0.000513s ]
INFO: [ app_begin ] --END-- [ RunTime:0.000640s ]
NOTIC: [2048] Declaration of Home\Controller\IndexController::show() should be compatible with Think\Controller::show($content, $charset = '', $contentType = '', $prefix = '') D:\wamp\www\haoguang\Application\Home\Controller\IndexController.class.php 第 33 行.
INFO: [ view_parse ] --START--
INFO: [ template_filter ] --START--
INFO: Run Behavior\ContentReplaceBehavior [ RunTime:0.000174s ]
INFO: [ template_filter ] --END-- [ RunTime:0.000302s ]
INFO: Run Behavior\ParseTemplateBehavior [ RunTime:0.016467s ]
INFO: [ view_parse ] --END-- [ RunTime:0.016594s ]
INFO: [ view_filter ] --START--
INFO: Run Behavior\WriteHtmlCacheBehavior [ RunTime:0.000241s ]
INFO: [ view_filter ] --END-- [ RunTime:0.000341s ]
INFO: [ app_end ] --START--
INFO: Run Behavior\ShowPageTraceBehavior [ RunTime:0.000550s ]
INFO: [ app_end ] --END-- [ RunTime:0.000699s ]

[ 2017-07-17T16:03:51+08:00 ] ::1 /haoguang/
INFO: [ app_init ] --START--
INFO: Run Behavior\BuildLiteBehavior [ RunTime:0.000026s ]
INFO: [ app_init ] --END-- [ RunTime:0.000499s ]
INFO: [ app_begin ] --START--
INFO: Run Behavior\ReadHtmlCacheBehavior [ RunTime:0.001430s ]
INFO: [ app_begin ] --END-- [ RunTime:0.001588s ]
NOTIC: [2048] Declaration of Home\Controller\IndexController::show() should be compatible with Think\Controller::show($content, $charset = '', $contentType = '', $prefix = '') D:\wamp\www\haoguang\Application\Home\Controller\IndexController.class.php 第 33 行.
INFO: [ view_parse ] --START--
INFO: [ template_filter ] --START--
INFO: Run Behavior\ContentReplaceBehavior [ RunTime:0.000552s ]
INFO: [ template_filter ] --END-- [ RunTime:0.000793s ]
INFO: Run Behavior\ParseTemplateBehavior [ RunTime:0.021376s ]
INFO: [ view_parse ] --END-- [ RunTime:0.021517s ]
INFO: [ view_filter ] --START--
INFO: Run Behavior\WriteHtmlCacheBehavior [ RunTime:0.000569s ]
INFO: [ view_filter ] --END-- [ RunTime:0.000718s ]
INFO: [ app_end ] --START--
INFO: Run Behavior\ShowPageTraceBehavior [ RunTime:0.004397s ]
INFO: [ app_end ] --END-- [ RunTime:0.004612s ]

[ 2017-07-17T16:03:57+08:00 ] ::1 /haoguang/
INFO: [ app_init ] --START--
INFO: Run Behavior\BuildLiteBehavior [ RunTime:0.000025s ]
INFO: [ app_init ] --END-- [ RunTime:0.000390s ]
INFO: [ app_begin ] --START--
INFO: Run Behavior\ReadHtmlCacheBehavior [ RunTime:0.000423s ]
INFO: [ app_begin ] --END-- [ RunTime:0.000553s ]
NOTIC: [2048] Declaration of Home\Controller\IndexController::show() should be compatible with Think\Controller::show($content, $charset = '', $contentType = '', $prefix = '') D:\wamp\www\haoguang\Application\Home\Controller\IndexController.class.php 第 33 行.
INFO: [ view_parse ] --START--
INFO: [ template_filter ] --START--
INFO: Run Behavior\ContentReplaceBehavior [ RunTime:0.000291s ]
INFO: [ template_filter ] --END-- [ RunTime:0.000493s ]
INFO: Run Behavior\ParseTemplateBehavior [ RunTime:0.010553s ]
INFO: [ view_parse ] --END-- [ RunTime:0.010685s ]
INFO: [ view_filter ] --START--
INFO: Run Behavior\WriteHtmlCacheBehavior [ RunTime:0.000255s ]
INFO: [ view_filter ] --END-- [ RunTime:0.000362s ]
INFO: [ app_end ] --START--
INFO: Run Behavior\ShowPageTraceBehavior [ RunTime:0.000447s ]
INFO: [ app_end ] --END-- [ RunTime:0.000591s ]

[ 2017-07-17T16:04:05+08:00 ] ::1 /haoguang/
INFO: [ app_init ] --START--
INFO: Run Behavior\BuildLiteBehavior [ RunTime:0.000025s ]
INFO: [ app_init ] --END-- [ RunTime:0.000390s ]
INFO: [ app_begin ] --START--
INFO: Run Behavior\ReadHtmlCacheBehavior [ RunTime:0.000441s ]
INFO: [ app_begin ] --END-- [ RunTime:0.000571s ]
NOTIC: [2048] Declaration of Home\Controller\IndexController::show() should be compatible with Think\Controller::show($content, $charset = '', $contentType = '', $prefix = '') D:\wamp\www\haoguang\Application\Home\Controller\IndexController.class.php 第 33 行.
INFO: [ view_parse ] --START--
INFO: [ template_filter ] --START--
INFO: Run Behavior\ContentReplaceBehavior [ RunTime:0.000306s ]
INFO: [ template_filter ] --END-- [ RunTime:0.000496s ]
INFO: Run Behavior\ParseTemplateBehavior [ RunTime:0.009080s ]
INFO: [ view_parse ] --END-- [ RunTime:0.009212s ]
INFO: [ view_filter ] --START--
INFO: Run Behavior\WriteHtmlCacheBehavior [ RunTime:0.000258s ]
INFO: [ view_filter ] --END-- [ RunTime:0.000366s ]
INFO: [ app_end ] --START--
INFO: Run Behavior\ShowPageTraceBehavior [ RunTime:0.000724s ]
INFO: [ app_end ] --END-- [ RunTime:0.000920s ]

[ 2017-07-17T16:04:09+08:00 ] ::1 /haoguang/
INFO: [ app_init ] --START--
INFO: Run Behavior\BuildLiteBehavior [ RunTime:0.000025s ]
INFO: [ app_init ] --END-- [ RunTime:0.000395s ]
INFO: [ app_begin ] --START--
INFO: Run Behavior\ReadHtmlCacheBehavior [ RunTime:0.000407s ]
INFO: [ app_begin ] --END-- [ RunTime:0.000525s ]
NOTIC: [2048] Declaration of Home\Controller\IndexController::show() should be compatible with Think\Controller::show($content, $charset = '', $contentType = '', $prefix = '') D:\wamp\www\haoguang\Application\Home\Controller\IndexController.class.php 第 33 行.
INFO: [ view_parse ] --START--
INFO: [ template_filter ] --START--
INFO: Run Behavior\ContentReplaceBehavior [ RunTime:0.000186s ]
INFO: [ template_filter ] --END-- [ RunTime:0.000320s ]
INFO: Run Behavior\ParseTemplateBehavior [ RunTime:0.008864s ]
INFO: [ view_parse ] --END-- [ RunTime:0.008996s ]
INFO: [ view_filter ] --START--
INFO: Run Behavior\WriteHtmlCacheBehavior [ RunTime:0.000261s ]
INFO: [ view_filter ] --END-- [ RunTime:0.000368s ]
INFO: [ app_end ] --START--
INFO: Run Behavior\ShowPageTraceBehavior [ RunTime:0.000617s ]
INFO: [ app_end ] --END-- [ RunTime:0.000855s ]

[ 2017-07-17T16:07:22+08:00 ] ::1 /haoguang/
INFO: [ app_init ] --START--
INFO: Run Behavior\BuildLiteBehavior [ RunTime:0.000027s ]
INFO: [ app_init ] --END-- [ RunTime:0.000440s ]
INFO: [ app_begin ] --START--
INFO: Run Behavior\ReadHtmlCacheBehavior [ RunTime:0.000621s ]
INFO: [ app_begin ] --END-- [ RunTime:0.000758s ]
NOTIC: [2048] Declaration of Home\Controller\IndexController::show() should be compatible with Think\Controller::show($content, $charset = '', $contentType = '', $prefix = '') D:\wamp\www\haoguang\Application\Home\Controller\IndexController.class.php 第 33 行.
INFO: [ view_parse ] --START--
INFO: [ template_filter ] --START--
INFO: Run Behavior\ContentReplaceBehavior [ RunTime:0.000173s ]
INFO: [ template_filter ] --END-- [ RunTime:0.000310s ]
INFO: Run Behavior\ParseTemplateBehavior [ RunTime:0.010550s ]
INFO: [ view_parse ] --END-- [ RunTime:0.010686s ]
INFO: [ view_filter ] --START--
INFO: Run Behavior\WriteHtmlCacheBehavior [ RunTime:0.000529s ]
INFO: [ view_filter ] --END-- [ RunTime:0.000638s ]
INFO: [ app_end ] --START--
INFO: Run Behavior\ShowPageTraceBehavior [ RunTime:0.000650s ]
INFO: [ app_end ] --END-- [ RunTime:0.000778s ]

[ 2017-07-17T16:13:43+08:00 ] ::1 /haoguang/
INFO: [ app_init ] --START--
INFO: Run Behavior\BuildLiteBehavior [ RunTime:0.000045s ]
INFO: [ app_init ] --END-- [ RunTime:0.001393s ]
INFO: [ app_begin ] --START--
INFO: Run Behavior\ReadHtmlCacheBehavior [ RunTime:0.002094s ]
INFO: [ app_begin ] --END-- [ RunTime:0.002227s ]
NOTIC: [2048] Declaration of Home\Controller\IndexController::show() should be compatible with Think\Controller::show($content, $charset = '', $contentType = '', $prefix = '') D:\wamp\www\haoguang\Application\Home\Controller\IndexController.class.php 第 33 行.
INFO: [ view_parse ] --START--
INFO: [ template_filter ] --START--
INFO: Run Behavior\ContentReplaceBehavior [ RunTime:0.000169s ]
INFO: [ template_filter ] --END-- [ RunTime:0.000305s ]
INFO: Run Behavior\ParseTemplateBehavior [ RunTime:0.017307s ]
INFO: [ view_parse ] --END-- [ RunTime:0.017470s ]
INFO: [ view_filter ] --START--
INFO: Run Behavior\WriteHtmlCacheBehavior [ RunTime:0.001940s ]
INFO: [ view_filter ] --END-- [ RunTime:0.002200s ]
INFO: [ app_end ] --START--
INFO: Run Behavior\ShowPageTraceBehavior [ RunTime:0.004101s ]
INFO: [ app_end ] --END-- [ RunTime:0.004252s ]

[ 2017-07-17T16:13:45+08:00 ] ::1 /haoguang/index.php/Home/Index/ty.html
INFO: [ app_init ] --START--
INFO: Run Behavior\BuildLiteBehavior [ RunTime:0.000025s ]
INFO: [ app_init ] --END-- [ RunTime:0.000439s ]
INFO: [ app_begin ] --START--
INFO: Run Behavior\ReadHtmlCacheBehavior [ RunTime:0.000527s ]
INFO: [ app_begin ] --END-- [ RunTime:0.000649s ]
NOTIC: [2048] Declaration of Home\Controller\IndexController::show() should be compatible with Think\Controller::show($content, $charset = '', $contentType = '', $prefix = '') D:\wamp\www\haoguang\Application\Home\Controller\IndexController.class.php 第 33 行.
INFO: [ view_parse ] --START--
INFO: [ template_filter ] --START--
INFO: Run Behavior\ContentReplaceBehavior [ RunTime:0.000122s ]
INFO: [ template_filter ] --END-- [ RunTime:0.000263s ]
INFO: Run Behavior\ParseTemplateBehavior [ RunTime:0.009604s ]
INFO: [ view_parse ] --END-- [ RunTime:0.009755s ]
INFO: [ view_filter ] --START--
INFO: Run Behavior\WriteHtmlCacheBehavior [ RunTime:0.000429s ]
INFO: [ view_filter ] --END-- [ RunTime:0.000554s ]
INFO: [ app_end ] --START--
INFO: Run Behavior\ShowPageTraceBehavior [ RunTime:0.000527s ]
INFO: [ app_end ] --END-- [ RunTime:0.000641s ]

[ 2017-07-17T16:13:45+08:00 ] ::1 /haoguang/index.php/Home/Index/favicon.ico
INFO: [ app_init ] --START--
INFO: Run Behavior\BuildLiteBehavior [ RunTime:0.000026s ]
INFO: [ app_init ] --END-- [ RunTime:0.000445s ]

[ 2017-07-17T16:14:14+08:00 ] ::1 /haoguang/index.php/Home/Index/bz.html
INFO: [ app_init ] --START--
INFO: Run Behavior\BuildLiteBehavior [ RunTime:0.000027s ]
INFO: [ app_init ] --END-- [ RunTime:0.000474s ]
INFO: [ app_begin ] --START--
INFO: Run Behavior\ReadHtmlCacheBehavior [ RunTime:0.000737s ]
INFO: [ app_begin ] --END-- [ RunTime:0.000902s ]
NOTIC: [2048] Declaration of Home\Controller\IndexController::show() should be compatible with Think\Controller::show($content, $charset = '', $contentType = '', $prefix = '') D:\wamp\www\haoguang\Application\Home\Controller\IndexController.class.php 第 33 行.
INFO: [ view_parse ] --START--
INFO: [ template_filter ] --START--
INFO: Run Behavior\ContentReplaceBehavior [ RunTime:0.000087s ]
INFO: [ template_filter ] --END-- [ RunTime:0.000211s ]
INFO: Run Behavior\ParseTemplateBehavior [ RunTime:0.010432s ]
INFO: [ view_parse ] --END-- [ RunTime:0.010578s ]
INFO: [ view_filter ] --START--
INFO: Run Behavior\WriteHtmlCacheBehavior [ RunTime:0.000452s ]
INFO: [ view_filter ] --END-- [ RunTime:0.000565s ]
INFO: [ app_end ] --START--
INFO: Run Behavior\ShowPageTraceBehavior [ RunTime:0.000680s ]
INFO: [ app_end ] --END-- [ RunTime:0.000888s ]

[ 2017-07-17T16:14:20+08:00 ] ::1 /haoguang/index.php/Home/Index/fj.html
INFO: [ app_init ] --START--
INFO: Run Behavior\BuildLiteBehavior [ RunTime:0.000024s ]
INFO: [ app_init ] --END-- [ RunTime:0.000414s ]
INFO: [ app_begin ] --START--
INFO: Run Behavior\ReadHtmlCacheBehavior [ RunTime:0.000611s ]
INFO: [ app_begin ] --END-- [ RunTime:0.000725s ]
NOTIC: [2048] Declaration of Home\Controller\IndexController::show() should be compatible with Think\Controller::show($content, $charset = '', $contentType = '', $prefix = '') D:\wamp\www\haoguang\Application\Home\Controller\IndexController.class.php 第 33 行.
INFO: [ view_parse ] --START--
INFO: [ template_filter ] --START--
INFO: Run Behavior\ContentReplaceBehavior [ RunTime:0.000094s ]
INFO: [ template_filter ] --END-- [ RunTime:0.000237s ]
INFO: Run Behavior\ParseTemplateBehavior [ RunTime:0.008454s ]
INFO: [ view_parse ] --END-- [ RunTime:0.008593s ]
INFO: [ view_filter ] --START--
INFO: Run Behavior\WriteHtmlCacheBehavior [ RunTime:0.000464s ]
INFO: [ view_filter ] --END-- [ RunTime:0.000567s ]
INFO: [ app_end ] --START--
INFO: Run Behavior\ShowPageTraceBehavior [ RunTime:0.000697s ]
INFO: [ app_end ] --END-- [ RunTime:0.000809s ]

[ 2017-07-17T16:14:27+08:00 ] ::1 /haoguang/index.php/Home/Index/fw.html
INFO: [ app_init ] --START--
INFO: Run Behavior\BuildLiteBehavior [ RunTime:0.000026s ]
INFO: [ app_init ] --END-- [ RunTime:0.000472s ]
INFO: [ app_begin ] --START--
INFO: Run Behavior\ReadHtmlCacheBehavior [ RunTime:0.000696s ]
INFO: [ app_begin ] --END-- [ RunTime:0.000813s ]
NOTIC: [2048] Declaration of Home\Controller\IndexController::show() should be compatible with Think\Controller::show($content, $charset = '', $contentType = '', $prefix = '') D:\wamp\www\haoguang\Application\Home\Controller\IndexController.class.php 第 33 行.
INFO: [ view_parse ] --START--
INFO: [ template_filter ] --START--
INFO: Run Behavior\ContentReplaceBehavior [ RunTime:0.000094s ]
INFO: [ template_filter ] --END-- [ RunTime:0.000312s ]
INFO: Run Behavior\ParseTemplateBehavior [ RunTime:0.007351s ]
INFO: [ view_parse ] --END-- [ RunTime:0.007509s ]
INFO: [ view_filter ] --START--
INFO: Run Behavior\WriteHtmlCacheBehavior [ RunTime:0.000690s ]
INFO: [ view_filter ] --END-- [ RunTime:0.001018s ]
INFO: [ app_end ] --START--
INFO: Run Behavior\ShowPageTraceBehavior [ RunTime:0.000871s ]
INFO: [ app_end ] --END-- [ RunTime:0.000984s ]

[ 2017-07-17T16:14:35+08:00 ] ::1 /haoguang/index.php/Home/Index/join.html
INFO: [ app_init ] --START--
INFO: Run Behavior\BuildLiteBehavior [ RunTime:0.000023s ]
INFO: [ app_init ] --END-- [ RunTime:0.000413s ]
INFO: [ app_begin ] --START--
INFO: Run Behavior\ReadHtmlCacheBehavior [ RunTime:0.000601s ]
INFO: [ app_begin ] --END-- [ RunTime:0.000710s ]
NOTIC: [2048] Declaration of Home\Controller\IndexController::show() should be compatible with Think\Controller::show($content, $charset = '', $contentType = '', $prefix = '') D:\wamp\www\haoguang\Application\Home\Controller\IndexController.class.php 第 33 行.
INFO: [ view_parse ] --START--
INFO: [ template_filter ] --START--
INFO: Run Behavior\ContentReplaceBehavior [ RunTime:0.000096s ]
INFO: [ template_filter ] --END-- [ RunTime:0.000220s ]
INFO: Run Behavior\ParseTemplateBehavior [ RunTime:0.007822s ]
INFO: [ view_parse ] --END-- [ RunTime:0.007939s ]
INFO: [ view_filter ] --START--
INFO: Run Behavior\WriteHtmlCacheBehavior [ RunTime:0.000455s ]
INFO: [ view_filter ] --END-- [ RunTime:0.000557s ]
INFO: [ app_end ] --START--
INFO: Run Behavior\ShowPageTraceBehavior [ RunTime:0.000734s ]
INFO: [ app_end ] --END-- [ RunTime:0.000848s ]

[ 2017-07-17T16:20:39+08:00 ] ::1 /haoguang/index.php/Home/Index/xq.html
INFO: [ app_init ] --START--
INFO: Run Behavior\BuildLiteBehavior [ RunTime:0.000035s ]
INFO: [ app_init ] --END-- [ RunTime:0.000831s ]
INFO: [ app_begin ] --START--
INFO: Run Behavior\ReadHtmlCacheBehavior [ RunTime:0.000804s ]
INFO: [ app_begin ] --END-- [ RunTime:0.000942s ]
NOTIC: [2048] Declaration of Home\Controller\IndexController::show() should be compatible with Think\Controller::show($content, $charset = '', $contentType = '', $prefix = '') D:\wamp\www\haoguang\Application\Home\Controller\IndexController.class.php 第 33 行.
INFO: [ view_parse ] --START--
INFO: [ template_filter ] --START--
INFO: Run Behavior\ContentReplaceBehavior [ RunTime:0.000210s ]
INFO: [ template_filter ] --END-- [ RunTime:0.000365s ]
INFO: Run Behavior\ParseTemplateBehavior [ RunTime:0.019798s ]
INFO: [ view_parse ] --END-- [ RunTime:0.019944s ]
INFO: [ view_filter ] --START--
INFO: Run Behavior\WriteHtmlCacheBehavior [ RunTime:0.000615s ]
INFO: [ view_filter ] --END-- [ RunTime:0.000731s ]
INFO: [ app_end ] --START--
INFO: Run Behavior\ShowPageTraceBehavior [ RunTime:0.004652s ]
INFO: [ app_end ] --END-- [ RunTime:0.004888s ]

[ 2017-07-17T16:32:39+08:00 ] ::1 /haoguang/index.php/Home/Index/xq.html
INFO: [ app_init ] --START--
INFO: Run Behavior\BuildLiteBehavior [ RunTime:0.000026s ]
INFO: [ app_init ] --END-- [ RunTime:0.000484s ]
INFO: [ app_begin ] --START--
INFO: Run Behavior\ReadHtmlCacheBehavior [ RunTime:0.000778s ]
INFO: [ app_begin ] --END-- [ RunTime:0.000986s ]
NOTIC: [2048] Declaration of Home\Controller\IndexController::show() should be compatible with Think\Controller::show($content, $charset = '', $contentType = '', $prefix = '') D:\wamp\www\haoguang\Application\Home\Controller\IndexController.class.php 第 33 行.
INFO: [ view_parse ] --START--
INFO: [ template_filter ] --START--
INFO: Run Behavior\ContentReplaceBehavior [ RunTime:0.000183s ]
INFO: [ template_filter ] --END-- [ RunTime:0.000327s ]
INFO: Run Behavior\ParseTemplateBehavior [ RunTime:0.021035s ]
INFO: [ view_parse ] --END-- [ RunTime:0.021191s ]
INFO: [ view_filter ] --START--
INFO: Run Behavior\WriteHtmlCacheBehavior [ RunTime:0.000669s ]
INFO: [ view_filter ] --END-- [ RunTime:0.000774s ]
INFO: [ app_end ] --START--
INFO: Run Behavior\ShowPageTraceBehavior [ RunTime:0.000757s ]
INFO: [ app_end ] --END-- [ RunTime:0.000905s ]

[ 2017-07-17T16:32:40+08:00 ] ::1 /haoguang/index.php/Home/Index/index.html
INFO: [ app_init ] --START--
INFO: Run Behavior\BuildLiteBehavior [ RunTime:0.000026s ]
INFO: [ app_init ] --END-- [ RunTime:0.000447s ]
INFO: [ app_begin ] --START--
INFO: Run Behavior\ReadHtmlCacheBehavior [ RunTime:0.000566s ]
INFO: [ app_begin ] --END-- [ RunTime:0.000684s ]
NOTIC: [2048] Declaration of Home\Controller\IndexController::show() should be compatible with Think\Controller::show($content, $charset = '', $contentType = '', $prefix = '') D:\wamp\www\haoguang\Application\Home\Controller\IndexController.class.php 第 33 行.
INFO: [ view_parse ] --START--
INFO: [ template_filter ] --START--
INFO: Run Behavior\ContentReplaceBehavior [ RunTime:0.000153s ]
INFO: [ template_filter ] --END-- [ RunTime:0.000279s ]
INFO: Run Behavior\ParseTemplateBehavior [ RunTime:0.010713s ]
INFO: [ view_parse ] --END-- [ RunTime:0.010845s ]
INFO: [ view_filter ] --START--
INFO: Run Behavior\WriteHtmlCacheBehavior [ RunTime:0.000469s ]
INFO: [ view_filter ] --END-- [ RunTime:0.000606s ]
INFO: [ app_end ] --START--
INFO: Run Behavior\ShowPageTraceBehavior [ RunTime:0.000814s ]
INFO: [ app_end ] --END-- [ RunTime:0.001021s ]

[ 2017-07-17T17:03:44+08:00 ] ::1 /haoguang/index.php/Home/Index/index.html
INFO: [ app_init ] --START--
INFO: Run Behavior\BuildLiteBehavior [ RunTime:0.000029s ]
INFO: [ app_init ] --END-- [ RunTime:0.000475s ]
INFO: [ app_begin ] --START--
INFO: Run Behavior\ReadHtmlCacheBehavior [ RunTime:0.000977s ]
INFO: [ app_begin ] --END-- [ RunTime:0.001238s ]
NOTIC: [2048] Declaration of Home\Controller\IndexController::show() should be compatible with Think\Controller::show($content, $charset = '', $contentType = '', $prefix = '') D:\wamp\www\haoguang\Application\Home\Controller\IndexController.class.php 第 33 行.
INFO: [ view_parse ] --START--
INFO: [ template_filter ] --START--
INFO: Run Behavior\ContentReplaceBehavior [ RunTime:0.000189s ]
INFO: [ template_filter ] --END-- [ RunTime:0.000316s ]
INFO: Run Behavior\ParseTemplateBehavior [ RunTime:0.011224s ]
INFO: [ view_parse ] --END-- [ RunTime:0.011370s ]
INFO: [ view_filter ] --START--
INFO: Run Behavior\WriteHtmlCacheBehavior [ RunTime:0.000397s ]
INFO: [ view_filter ] --END-- [ RunTime:0.000726s ]
INFO: [ app_end ] --START--
INFO: Run Behavior\ShowPageTraceBehavior [ RunTime:0.000589s ]
INFO: [ app_end ] --END-- [ RunTime:0.000984s ]

